1627487266968	geckodriver	INFO	Listening on 127.0.0.1:50611
1627487267804	mozrunner::runner	INFO	Running command: "/usr/bin/firefox" "--marionette" "-headless" "-foreground" "-no-remote" "-profile" "/tmp/rust_mozprofiler7Ubny"
*** You are running in headless mode.
[GFX1-]: glxtest: Unable to open a connection to the X server
[GFX1-]: glxtest: libEGL missing
1627487275722	Marionette	INFO	Marionette enabled
console.warn: SearchSettings: "get: No settings file exists, new profile?" (new NotFoundError("Could not open the file at /tmp/rust_mozprofiler7Ubny/search.json.mozlz4", (void 0)))
1627487280129	Marionette	INFO	Listening on port 36657
1627487280180	Marionette	WARN	TLS certificate errors will be ignored for this session
1627487410178	geckodriver	INFO	Listening on 127.0.0.1:47967
1627487410726	mozrunner::runner	INFO	Running command: "/usr/bin/firefox" "--marionette" "-headless" "-foreground" "-no-remote" "-profile" "/tmp/rust_mozprofilemPKTZY"
*** You are running in headless mode.
[GFX1-]: glxtest: Unable to open a connection to the X server
[GFX1-]: glxtest: libEGL missing
1627487416883	Marionette	INFO	Marionette enabled
console.warn: SearchSettings: "get: No settings file exists, new profile?" (new NotFoundError("Could not open the file at /tmp/rust_mozprofilemPKTZY/search.json.mozlz4", (void 0)))
1627487420741	Marionette	INFO	Listening on port 38873
1627487420809	Marionette	WARN	TLS certificate errors will be ignored for this session
1627487485451	geckodriver	INFO	Listening on 127.0.0.1:47879
1627487486451	mozrunner::runner	INFO	Running command: "/usr/bin/firefox" "--marionette" "-headless" "-foreground" "-no-remote" "-profile" "/tmp/rust_mozprofilefAhe5C"
*** You are running in headless mode.
[GFX1-]: glxtest: Unable to open a connection to the X server
[GFX1-]: glxtest: libEGL missing
1627487487083	Marionette	INFO	Marionette enabled
console.warn: SearchSettings: "get: No settings file exists, new profile?" (new NotFoundError("Could not open the file at /tmp/rust_mozprofilefAhe5C/search.json.mozlz4", (void 0)))
1627487488593	Marionette	INFO	Listening on port 42637
1627487488675	Marionette	WARN	TLS certificate errors will be ignored for this session
1627493961201	geckodriver	INFO	Listening on 127.0.0.1:43027
1627493961969	mozrunner::runner	INFO	Running command: "/usr/bin/firefox" "--marionette" "-headless" "-foreground" "-no-remote" "-profile" "/tmp/rust_mozprofileIV4B2P"
*** You are running in headless mode.
[GFX1-]: glxtest: Unable to open a connection to the X server
[GFX1-]: glxtest: libEGL missing
1627493968477	Marionette	INFO	Marionette enabled
console.warn: SearchSettings: "get: No settings file exists, new profile?" (new NotFoundError("Could not open the file at /tmp/rust_mozprofileIV4B2P/search.json.mozlz4", (void 0)))
1627493973269	Marionette	INFO	Listening on port 44817
1627493973365	Marionette	WARN	TLS certificate errors will be ignored for this session
